Using pre-set license
Built from '2020.3/staging' branch; Version is '2020.3.10f1 (297d780c91bc) revision 2719096'; Using compiler version '192528614'; Build Type 'Release'
OS: 'Windows 10 Pro; OS build 19043.1586; Version 2009; 64bit' Language: 'pl' Physical Memory: 12162 MB
BatchMode: 1, IsHumanControllingUs: 0, StartBugReporterOnCrash: 0, Is64bit: 1, IsPro: 0

 COMMAND LINE ARGUMENTS:
C:\Program Files\Unity\Hub\Editor\2020.3.10f1\Editor\Unity.exe
-adb2
-batchMode
-noUpm
-name
AssetImportWorker0
-projectPath
C:/Users/pancz/Desktop/Platformer3D/Platformer3D
-logFile
Logs/AssetImportWorker0.log
-srvPort
59074
Successfully changed project path to: C:/Users/pancz/Desktop/Platformer3D/Platformer3D
C:/Users/pancz/Desktop/Platformer3D/Platformer3D
Using Asset Import Pipeline V2.
Refreshing native plugins compatible for Editor in 32.63 ms, found 2 plugins.
Preloading 0 native plugins for Editor in 0.00 ms.
Initialize engine version: 2020.3.10f1 (297d780c91bc)
[Subsystems] Discovering subsystems at path C:/Program Files/Unity/Hub/Editor/2020.3.10f1/Editor/Data/Resources/UnitySubsystems
[Subsystems] Discovering subsystems at path C:/Users/pancz/Desktop/Platformer3D/Platformer3D/Assets
GfxDevice: creating device client; threaded=0
Direct3D:
    Version:  Direct3D 11.0 [level 11.1]
    Renderer: NVIDIA GeForce GTX 1050 (ID=0x1c8d)
    Vendor:   
    VRAM:     4021 MB
    Driver:   24.21.13.9836
Initialize mono
Mono path[0] = 'C:/Program Files/Unity/Hub/Editor/2020.3.10f1/Editor/Data/Managed'
Mono path[1] = 'C:/Program Files/Unity/Hub/Editor/2020.3.10f1/Editor/Data/MonoBleedingEdge/lib/mono/unityjit'
Mono config path = 'C:/Program Files/Unity/Hub/Editor/2020.3.10f1/Editor/Data/MonoBleedingEdge/etc'
Using monoOptions --debugger-agent=transport=dt_socket,embedding=1,server=y,suspend=n,address=127.0.0.1:56580
Begin MonoManager ReloadAssembly
Registering precompiled unity dll's ...
Register platform support module: C:/Program Files/Unity/Hub/Editor/2020.3.10f1/Editor/Data/PlaybackEngines/WindowsStandaloneSupport/UnityEditor.WindowsStandalone.Extensions.dll
Registered in 0.003844 seconds.
Native extension for WindowsStandalone target not found
Refreshing native plugins compatible for Editor in 52.51 ms, found 2 plugins.
Preloading 0 native plugins for Editor in 0.00 ms.
Mono: successfully reloaded assembly
- Completed reload, in  1.424 seconds
Platform modules already initialized, skipping
Registering precompiled user dll's ...
Registered in 0.005552 seconds.
Begin MonoManager ReloadAssembly
Native extension for WindowsStandalone target not found
Refreshing native plugins compatible for Editor in 0.34 ms, found 2 plugins.
Preloading 0 native plugins for Editor in 0.00 ms.
Mono: successfully reloaded assembly
- Completed reload, in  1.053 seconds
Platform modules already initialized, skipping
========================================================================
Worker process is ready to serve import requests
Launched and connected shader compiler UnityShaderCompiler.exe after 0.06 seconds
Refreshing native plugins compatible for Editor in 0.43 ms, found 2 plugins.
Preloading 0 native plugins for Editor in 0.00 ms.
Unloading 1656 Unused Serialized files (Serialized files now loaded: 0)
System memory in use before: 73.9 MB.
System memory in use after: 73.9 MB.

Unloading 17 unused Assets to reduce memory usage. Loaded Objects now: 2093.
Total: 1.869600 ms (FindLiveObjects: 0.150300 ms CreateObjectMapping: 0.063800 ms MarkObjects: 1.562200 ms  DeleteObjects: 0.092300 ms)

========================================================================
Received Import Request.
  path: Assets/Scripts/Coin/RotateCoin.cs
  artifactKey: Guid(0c2aa16172e2f664b8fa9fdb91573179) Importer(815301076,1909f56bfc062723c751e8b465ee728b)
Start importing Assets/Scripts/Coin/RotateCoin.cs using Guid(0c2aa16172e2f664b8fa9fdb91573179) Importer(815301076,1909f56bfc062723c751e8b465ee728b)  -> (artifact id: '6c0defdf327ef5cbd1eb1ecdebff401b') in 0.056784 seconds
  Import took 0.060935 seconds .

========================================================================
Received Prepare
Registering precompiled user dll's ...
Registered in 0.007487 seconds.
Begin MonoManager ReloadAssembly
Native extension for WindowsStandalone target not found
Refreshing native plugins compatible for Editor in 0.34 ms, found 2 plugins.
Preloading 0 native plugins for Editor in 0.00 ms.
Mono: successfully reloaded assembly
- Completed reload, in  1.111 seconds
Platform modules already initialized, skipping
Refreshing native plugins compatible for Editor in 0.34 ms, found 2 plugins.
Preloading 0 native plugins for Editor in 0.00 ms.
Unloading 1648 Unused Serialized files (Serialized files now loaded: 0)
System memory in use before: 73.6 MB.
System memory in use after: 73.7 MB.

Unloading 12 unused Assets to reduce memory usage. Loaded Objects now: 2096.
Total: 1.859000 ms (FindLiveObjects: 0.166500 ms CreateObjectMapping: 0.060700 ms MarkObjects: 1.611000 ms  DeleteObjects: 0.019500 ms)

========================================================================
Received Import Request.
  Time since last request: 95.321880 seconds.
  path: Assets/Scripts/Coin/RotateCoin.cs
  artifactKey: Guid(0c2aa16172e2f664b8fa9fdb91573179) Importer(815301076,1909f56bfc062723c751e8b465ee728b)
Start importing Assets/Scripts/Coin/RotateCoin.cs using Guid(0c2aa16172e2f664b8fa9fdb91573179) Importer(815301076,1909f56bfc062723c751e8b465ee728b)  -> (artifact id: 'd13c0fcc67f4a4cb5415b60633752542') in 0.004453 seconds
  Import took 0.006831 seconds .

========================================================================
Received Prepare
Registering precompiled user dll's ...
Registered in 0.005519 seconds.
Begin MonoManager ReloadAssembly
Native extension for WindowsStandalone target not found
Refreshing native plugins compatible for Editor in 0.69 ms, found 2 plugins.
Preloading 0 native plugins for Editor in 0.00 ms.
Mono: successfully reloaded assembly
- Completed reload, in  1.143 seconds
Platform modules already initialized, skipping
Refreshing native plugins compatible for Editor in 0.37 ms, found 2 plugins.
Preloading 0 native plugins for Editor in 0.00 ms.
Unloading 1648 Unused Serialized files (Serialized files now loaded: 0)
System memory in use before: 73.6 MB.
System memory in use after: 73.7 MB.

Unloading 12 unused Assets to reduce memory usage. Loaded Objects now: 2099.
Total: 2.304200 ms (FindLiveObjects: 0.180000 ms CreateObjectMapping: 0.063900 ms MarkObjects: 2.036100 ms  DeleteObjects: 0.023000 ms)

========================================================================
Received Prepare
Registering precompiled user dll's ...
Registered in 0.003432 seconds.
Begin MonoManager ReloadAssembly
Native extension for WindowsStandalone target not found
Refreshing native plugins compatible for Editor in 0.39 ms, found 2 plugins.
Preloading 0 native plugins for Editor in 0.00 ms.
Mono: successfully reloaded assembly
- Completed reload, in  1.190 seconds
Platform modules already initialized, skipping
Refreshing native plugins compatible for Editor in 0.46 ms, found 2 plugins.
Preloading 0 native plugins for Editor in 0.00 ms.
Unloading 1648 Unused Serialized files (Serialized files now loaded: 0)
System memory in use before: 73.6 MB.
System memory in use after: 73.7 MB.

Unloading 12 unused Assets to reduce memory usage. Loaded Objects now: 2102.
Total: 2.359900 ms (FindLiveObjects: 0.181300 ms CreateObjectMapping: 0.068300 ms MarkObjects: 2.084200 ms  DeleteObjects: 0.024600 ms)

========================================================================
Received Import Request.
  Time since last request: 153.304832 seconds.
  path: Assets/Audio
  artifactKey: Guid(c213283dbf00dcc4ea19f46efe0ea58b) Importer(815301076,1909f56bfc062723c751e8b465ee728b)
Start importing Assets/Audio using Guid(c213283dbf00dcc4ea19f46efe0ea58b) Importer(815301076,1909f56bfc062723c751e8b465ee728b)  -> (artifact id: 'bc8b38356a54e28f5bbcb46c5031f02f') in 0.009490 seconds
  Import took 0.013210 seconds .

========================================================================
Received Import Request.
  Time since last request: 31.737808 seconds.
  path: Assets/Audio/SFX
  artifactKey: Guid(44b8580e00a3a9e45837997992430325) Importer(815301076,1909f56bfc062723c751e8b465ee728b)
Start importing Assets/Audio/SFX using Guid(44b8580e00a3a9e45837997992430325) Importer(815301076,1909f56bfc062723c751e8b465ee728b)  -> (artifact id: '1a77e4c2cfe6377d542024bf945914e2') in 0.007086 seconds
  Import took 0.009723 seconds .

========================================================================
Received Import Request.
  Time since last request: 0.000729 seconds.
  path: Assets/Audio/SFX
  artifactKey: Guid(44b8580e00a3a9e45837997992430325) Importer(815301076,1909f56bfc062723c751e8b465ee728b)
Start importing Assets/Audio/SFX using Guid(44b8580e00a3a9e45837997992430325) Importer(815301076,1909f56bfc062723c751e8b465ee728b)  -> (artifact id: '1a77e4c2cfe6377d542024bf945914e2') in 0.002736 seconds
  Import took 0.005269 seconds .

========================================================================
Received Import Request.
  Time since last request: 9.705465 seconds.
  path: Assets/Audio/SFX/CoinSFX.wav
  artifactKey: Guid(0934553c0310a674f931c530c7346e0e) Importer(815301076,1909f56bfc062723c751e8b465ee728b)
Start importing Assets/Audio/SFX/CoinSFX.wav using Guid(0934553c0310a674f931c530c7346e0e) Importer(815301076,1909f56bfc062723c751e8b465ee728b)  -> (artifact id: 'aab6b2a006463a3f2774ae500ef73b1c') in 0.189168 seconds
  Import took 0.191700 seconds .

========================================================================
Received Prepare
Registering precompiled user dll's ...
Registered in 0.003302 seconds.
Begin MonoManager ReloadAssembly
Native extension for WindowsStandalone target not found
Refreshing native plugins compatible for Editor in 0.34 ms, found 2 plugins.
Preloading 0 native plugins for Editor in 0.00 ms.
Mono: successfully reloaded assembly
- Completed reload, in  1.118 seconds
Platform modules already initialized, skipping
Refreshing native plugins compatible for Editor in 0.49 ms, found 2 plugins.
Preloading 0 native plugins for Editor in 0.00 ms.
Unloading 1649 Unused Serialized files (Serialized files now loaded: 0)
System memory in use before: 76.8 MB.
System memory in use after: 76.9 MB.

Unloading 12 unused Assets to reduce memory usage. Loaded Objects now: 2115.
Total: 2.648700 ms (FindLiveObjects: 0.245500 ms CreateObjectMapping: 0.090000 ms MarkObjects: 2.284900 ms  DeleteObjects: 0.026600 ms)

========================================================================
Received Import Request.
  Time since last request: 170.012581 seconds.
  path: Assets/Scripts/Coin/CollectCoin.cs
  artifactKey: Guid(780d45f676bc7e145ae168975546065e) Importer(815301076,1909f56bfc062723c751e8b465ee728b)
Start importing Assets/Scripts/Coin/CollectCoin.cs using Guid(780d45f676bc7e145ae168975546065e) Importer(815301076,1909f56bfc062723c751e8b465ee728b)  -> (artifact id: '42a019f624a527db2c8d81dcf8617115') in 0.011280 seconds
  Import took 0.015023 seconds .

========================================================================
Received Prepare
Registering precompiled user dll's ...
Registered in 0.003584 seconds.
Begin MonoManager ReloadAssembly
Native extension for WindowsStandalone target not found
Refreshing native plugins compatible for Editor in 0.45 ms, found 2 plugins.
Preloading 0 native plugins for Editor in 0.00 ms.
Mono: successfully reloaded assembly
- Completed reload, in  1.298 seconds
Platform modules already initialized, skipping
Refreshing native plugins compatible for Editor in 0.49 ms, found 2 plugins.
Preloading 0 native plugins for Editor in 0.00 ms.
Unloading 1649 Unused Serialized files (Serialized files now loaded: 0)
System memory in use before: 76.8 MB.
System memory in use after: 76.9 MB.

Unloading 12 unused Assets to reduce memory usage. Loaded Objects now: 2118.
Total: 2.897400 ms (FindLiveObjects: 0.232700 ms CreateObjectMapping: 0.087400 ms MarkObjects: 2.543900 ms  DeleteObjects: 0.031600 ms)

========================================================================
Received Import Request.
  Time since last request: 185.512282 seconds.
  path: Assets/Scripts/Coin/CollectCoin.cs
  artifactKey: Guid(780d45f676bc7e145ae168975546065e) Importer(815301076,1909f56bfc062723c751e8b465ee728b)
Start importing Assets/Scripts/Coin/CollectCoin.cs using Guid(780d45f676bc7e145ae168975546065e) Importer(815301076,1909f56bfc062723c751e8b465ee728b)  -> (artifact id: '73bff015c0e118bbd3b9ee47c657e903') in 0.006704 seconds
  Import took 0.010379 seconds .

========================================================================
Received Prepare
Registering precompiled user dll's ...
Registered in 0.003307 seconds.
Begin MonoManager ReloadAssembly
Native extension for WindowsStandalone target not found
Refreshing native plugins compatible for Editor in 0.45 ms, found 2 plugins.
Preloading 0 native plugins for Editor in 0.00 ms.
Mono: successfully reloaded assembly
- Completed reload, in  1.153 seconds
Platform modules already initialized, skipping
Refreshing native plugins compatible for Editor in 0.56 ms, found 2 plugins.
Preloading 0 native plugins for Editor in 0.00 ms.
Unloading 1649 Unused Serialized files (Serialized files now loaded: 0)
System memory in use before: 76.8 MB.
System memory in use after: 76.9 MB.

Unloading 12 unused Assets to reduce memory usage. Loaded Objects now: 2121.
Total: 1.894300 ms (FindLiveObjects: 0.166900 ms CreateObjectMapping: 0.062500 ms MarkObjects: 1.645400 ms  DeleteObjects: 0.018400 ms)

========================================================================
Received Prepare
Registering precompiled user dll's ...
Registered in 0.003061 seconds.
Begin MonoManager ReloadAssembly
Native extension for WindowsStandalone target not found
Refreshing native plugins compatible for Editor in 0.67 ms, found 2 plugins.
Preloading 0 native plugins for Editor in 0.00 ms.
Mono: successfully reloaded assembly
- Completed reload, in  1.004 seconds
Platform modules already initialized, skipping
Refreshing native plugins compatible for Editor in 0.38 ms, found 2 plugins.
Preloading 0 native plugins for Editor in 0.00 ms.
Unloading 1649 Unused Serialized files (Serialized files now loaded: 0)
System memory in use before: 76.8 MB.
System memory in use after: 76.9 MB.

Unloading 12 unused Assets to reduce memory usage. Loaded Objects now: 2124.
Total: 1.854000 ms (FindLiveObjects: 0.145400 ms CreateObjectMapping: 0.049000 ms MarkObjects: 1.641800 ms  DeleteObjects: 0.016800 ms)

========================================================================
Received Prepare
Registering precompiled user dll's ...
Registered in 0.003360 seconds.
Begin MonoManager ReloadAssembly
Native extension for WindowsStandalone target not found
Refreshing native plugins compatible for Editor in 0.35 ms, found 2 plugins.
Preloading 0 native plugins for Editor in 0.00 ms.
Mono: successfully reloaded assembly
- Completed reload, in  1.079 seconds
Platform modules already initialized, skipping
Refreshing native plugins compatible for Editor in 0.35 ms, found 2 plugins.
Preloading 0 native plugins for Editor in 0.00 ms.
Unloading 1649 Unused Serialized files (Serialized files now loaded: 0)
System memory in use before: 76.8 MB.
System memory in use after: 76.9 MB.

Unloading 12 unused Assets to reduce memory usage. Loaded Objects now: 2127.
Total: 3.084700 ms (FindLiveObjects: 0.168100 ms CreateObjectMapping: 0.051900 ms MarkObjects: 2.842200 ms  DeleteObjects: 0.021100 ms)

========================================================================
Received Prepare
Registering precompiled user dll's ...
Registered in 0.003081 seconds.
Begin MonoManager ReloadAssembly
Native extension for WindowsStandalone target not found
Refreshing native plugins compatible for Editor in 0.61 ms, found 2 plugins.
Preloading 0 native plugins for Editor in 0.00 ms.
Mono: successfully reloaded assembly
- Completed reload, in  1.071 seconds
Platform modules already initialized, skipping
Refreshing native plugins compatible for Editor in 0.35 ms, found 2 plugins.
Preloading 0 native plugins for Editor in 0.00 ms.
Unloading 1649 Unused Serialized files (Serialized files now loaded: 0)
System memory in use before: 76.8 MB.
System memory in use after: 77.0 MB.

Unloading 12 unused Assets to reduce memory usage. Loaded Objects now: 2130.
Total: 2.121400 ms (FindLiveObjects: 0.147700 ms CreateObjectMapping: 0.051100 ms MarkObjects: 1.905400 ms  DeleteObjects: 0.016200 ms)

========================================================================
Received Prepare
Registering precompiled user dll's ...
Registered in 0.003058 seconds.
Begin MonoManager ReloadAssembly
Native extension for WindowsStandalone target not found
Refreshing native plugins compatible for Editor in 0.35 ms, found 2 plugins.
Preloading 0 native plugins for Editor in 0.00 ms.
Mono: successfully reloaded assembly
- Completed reload, in  1.048 seconds
Platform modules already initialized, skipping
Refreshing native plugins compatible for Editor in 0.37 ms, found 2 plugins.
Preloading 0 native plugins for Editor in 0.00 ms.
Unloading 1649 Unused Serialized files (Serialized files now loaded: 0)
System memory in use before: 76.8 MB.
System memory in use after: 77.0 MB.

Unloading 12 unused Assets to reduce memory usage. Loaded Objects now: 2133.
Total: 2.390000 ms (FindLiveObjects: 0.182000 ms CreateObjectMapping: 0.085400 ms MarkObjects: 2.102700 ms  DeleteObjects: 0.018900 ms)

========================================================================
Received Prepare
Registering precompiled user dll's ...
Registered in 0.003134 seconds.
Begin MonoManager ReloadAssembly
Native extension for WindowsStandalone target not found
Refreshing native plugins compatible for Editor in 0.86 ms, found 2 plugins.
Preloading 0 native plugins for Editor in 0.00 ms.
Mono: successfully reloaded assembly
- Completed reload, in  1.059 seconds
Platform modules already initialized, skipping
Refreshing native plugins compatible for Editor in 0.38 ms, found 2 plugins.
Preloading 0 native plugins for Editor in 0.00 ms.
Unloading 1649 Unused Serialized files (Serialized files now loaded: 0)
System memory in use before: 76.9 MB.
System memory in use after: 77.0 MB.

Unloading 12 unused Assets to reduce memory usage. Loaded Objects now: 2136.
Total: 2.221200 ms (FindLiveObjects: 0.162000 ms CreateObjectMapping: 0.094000 ms MarkObjects: 1.945300 ms  DeleteObjects: 0.019100 ms)

========================================================================
Received Prepare
Registering precompiled user dll's ...
Registered in 0.003102 seconds.
Begin MonoManager ReloadAssembly
Native extension for WindowsStandalone target not found
Refreshing native plugins compatible for Editor in 0.38 ms, found 2 plugins.
Preloading 0 native plugins for Editor in 0.00 ms.
Mono: successfully reloaded assembly
- Completed reload, in  1.046 seconds
Platform modules already initialized, skipping
Refreshing native plugins compatible for Editor in 0.39 ms, found 2 plugins.
Preloading 0 native plugins for Editor in 0.00 ms.
Unloading 1649 Unused Serialized files (Serialized files now loaded: 0)
System memory in use before: 76.9 MB.
System memory in use after: 77.0 MB.

Unloading 12 unused Assets to reduce memory usage. Loaded Objects now: 2139.
Total: 2.101900 ms (FindLiveObjects: 0.216400 ms CreateObjectMapping: 0.080300 ms MarkObjects: 1.781700 ms  DeleteObjects: 0.022200 ms)

========================================================================
Received Prepare
Registering precompiled user dll's ...
Registered in 0.003572 seconds.
Begin MonoManager ReloadAssembly
Native extension for WindowsStandalone target not found
Refreshing native plugins compatible for Editor in 0.54 ms, found 2 plugins.
Preloading 0 native plugins for Editor in 0.00 ms.
Mono: successfully reloaded assembly
- Completed reload, in  1.072 seconds
Platform modules already initialized, skipping
Refreshing native plugins compatible for Editor in 0.41 ms, found 2 plugins.
Preloading 0 native plugins for Editor in 0.00 ms.
Unloading 1649 Unused Serialized files (Serialized files now loaded: 0)
System memory in use before: 76.9 MB.
System memory in use after: 77.0 MB.

Unloading 12 unused Assets to reduce memory usage. Loaded Objects now: 2142.
Total: 2.240400 ms (FindLiveObjects: 0.176900 ms CreateObjectMapping: 0.054400 ms MarkObjects: 1.990100 ms  DeleteObjects: 0.018000 ms)

========================================================================
Received Prepare
Registering precompiled user dll's ...
Registered in 0.003139 seconds.
Begin MonoManager ReloadAssembly
Native extension for WindowsStandalone target not found
Refreshing native plugins compatible for Editor in 0.35 ms, found 2 plugins.
Preloading 0 native plugins for Editor in 0.00 ms.
Mono: successfully reloaded assembly
- Completed reload, in  0.951 seconds
Platform modules already initialized, skipping
Refreshing native plugins compatible for Editor in 0.34 ms, found 2 plugins.
Preloading 0 native plugins for Editor in 0.00 ms.
Unloading 1649 Unused Serialized files (Serialized files now loaded: 0)
System memory in use before: 76.9 MB.
System memory in use after: 77.0 MB.

Unloading 12 unused Assets to reduce memory usage. Loaded Objects now: 2145.
Total: 1.765500 ms (FindLiveObjects: 0.154900 ms CreateObjectMapping: 0.052400 ms MarkObjects: 1.539200 ms  DeleteObjects: 0.018100 ms)

AssetImportWorkerClient::OnTransportError - code=2 error=End of file
