Using pre-set license
Built from '2020.3/staging' branch; Version is '2020.3.10f1 (297d780c91bc) revision 2719096'; Using compiler version '192528614'; Build Type 'Release'
OS: 'Windows 10 Pro; OS build 19043.1586; Version 2009; 64bit' Language: 'pl' Physical Memory: 12162 MB
BatchMode: 1, IsHumanControllingUs: 0, StartBugReporterOnCrash: 0, Is64bit: 1, IsPro: 0

 COMMAND LINE ARGUMENTS:
C:\Program Files\Unity\Hub\Editor\2020.3.10f1\Editor\Unity.exe
-adb2
-batchMode
-noUpm
-name
AssetImportWorker0
-projectPath
C:/Users/pancz/Desktop/Platformer3D/Platformer3D
-logFile
Logs/AssetImportWorker0.log
-srvPort
51290
Successfully changed project path to: C:/Users/pancz/Desktop/Platformer3D/Platformer3D
C:/Users/pancz/Desktop/Platformer3D/Platformer3D
Using Asset Import Pipeline V2.
Refreshing native plugins compatible for Editor in 30.51 ms, found 2 plugins.
Preloading 0 native plugins for Editor in 0.00 ms.
Initialize engine version: 2020.3.10f1 (297d780c91bc)
[Subsystems] Discovering subsystems at path C:/Program Files/Unity/Hub/Editor/2020.3.10f1/Editor/Data/Resources/UnitySubsystems
[Subsystems] Discovering subsystems at path C:/Users/pancz/Desktop/Platformer3D/Platformer3D/Assets
GfxDevice: creating device client; threaded=0
Direct3D:
    Version:  Direct3D 11.0 [level 11.1]
    Renderer: NVIDIA GeForce GTX 1050 (ID=0x1c8d)
    Vendor:   
    VRAM:     4021 MB
    Driver:   24.21.13.9836
Initialize mono
Mono path[0] = 'C:/Program Files/Unity/Hub/Editor/2020.3.10f1/Editor/Data/Managed'
Mono path[1] = 'C:/Program Files/Unity/Hub/Editor/2020.3.10f1/Editor/Data/MonoBleedingEdge/lib/mono/unityjit'
Mono config path = 'C:/Program Files/Unity/Hub/Editor/2020.3.10f1/Editor/Data/MonoBleedingEdge/etc'
Using monoOptions --debugger-agent=transport=dt_socket,embedding=1,server=y,suspend=n,address=127.0.0.1:56364
Begin MonoManager ReloadAssembly
Registering precompiled unity dll's ...
Register platform support module: C:/Program Files/Unity/Hub/Editor/2020.3.10f1/Editor/Data/PlaybackEngines/WindowsStandaloneSupport/UnityEditor.WindowsStandalone.Extensions.dll
Registered in 0.002170 seconds.
Native extension for WindowsStandalone target not found
Refreshing native plugins compatible for Editor in 28.50 ms, found 2 plugins.
Preloading 0 native plugins for Editor in 0.00 ms.
Mono: successfully reloaded assembly
- Completed reload, in  1.059 seconds
Platform modules already initialized, skipping
Registering precompiled user dll's ...
Registered in 0.003158 seconds.
Begin MonoManager ReloadAssembly
Native extension for WindowsStandalone target not found
Refreshing native plugins compatible for Editor in 0.32 ms, found 2 plugins.
Preloading 0 native plugins for Editor in 0.00 ms.
Mono: successfully reloaded assembly
- Completed reload, in  0.951 seconds
Platform modules already initialized, skipping
========================================================================
Worker process is ready to serve import requests
Launched and connected shader compiler UnityShaderCompiler.exe after 0.05 seconds
Refreshing native plugins compatible for Editor in 0.49 ms, found 2 plugins.
Preloading 0 native plugins for Editor in 0.00 ms.
Unloading 1655 Unused Serialized files (Serialized files now loaded: 0)
System memory in use before: 73.8 MB.
System memory in use after: 73.9 MB.

Unloading 17 unused Assets to reduce memory usage. Loaded Objects now: 2092.
Total: 1.991300 ms (FindLiveObjects: 0.165100 ms CreateObjectMapping: 0.047800 ms MarkObjects: 1.718300 ms  DeleteObjects: 0.059200 ms)

========================================================================
Received Import Request.
  path: Assets/Scripts
  artifactKey: Guid(2755fb12edd6af34397dc5e2b566082a) Importer(815301076,1909f56bfc062723c751e8b465ee728b)
Start importing Assets/Scripts using Guid(2755fb12edd6af34397dc5e2b566082a) Importer(815301076,1909f56bfc062723c751e8b465ee728b)  -> (artifact id: 'd41674d8f76090392ab7968cb1f4fe86') in 0.007507 seconds
  Import took 0.010068 seconds .

========================================================================
Received Import Request.
  Time since last request: 25.370607 seconds.
  path: Assets/Player
  artifactKey: Guid(e250ef7eddad97242b5dfc4b7170e9a0) Importer(815301076,1909f56bfc062723c751e8b465ee728b)
Start importing Assets/Player using Guid(e250ef7eddad97242b5dfc4b7170e9a0) Importer(815301076,1909f56bfc062723c751e8b465ee728b)  -> (artifact id: '5972647201f32797f501927f28e66a85') in 0.008179 seconds
  Import took 0.011366 seconds .

========================================================================
Received Import Request.
  Time since last request: 0.100237 seconds.
  path: Assets/Player/Player.prefab
  artifactKey: Guid(0cbc5cd4bbff18949a2288197db06c9f) Importer(815301076,1909f56bfc062723c751e8b465ee728b)
Start importing Assets/Player/Player.prefab using Guid(0cbc5cd4bbff18949a2288197db06c9f) Importer(815301076,1909f56bfc062723c751e8b465ee728b)  -> (artifact id: 'ae3a7fdceb0465e35685724613085722') in 0.167704 seconds
  Import took 0.171328 seconds .

========================================================================
Received Import Request.
  Time since last request: 18.344085 seconds.
  path: Assets/Scripts/Coin
  artifactKey: Guid(d26dca56ad17cb649b87c8da85f14685) Importer(815301076,1909f56bfc062723c751e8b465ee728b)
Start importing Assets/Scripts/Coin using Guid(d26dca56ad17cb649b87c8da85f14685) Importer(815301076,1909f56bfc062723c751e8b465ee728b)  -> (artifact id: '0f4a9da218a538a3dd74428c5511a0c8') in 0.007939 seconds
  Import took 0.011373 seconds .

========================================================================
Received Import Request.
  Time since last request: 2.527341 seconds.
  path: Assets/Scripts/Player
  artifactKey: Guid(cf3ad09a38b10ac4e88e1905aca99556) Importer(815301076,1909f56bfc062723c751e8b465ee728b)
Start importing Assets/Scripts/Player using Guid(cf3ad09a38b10ac4e88e1905aca99556) Importer(815301076,1909f56bfc062723c751e8b465ee728b)  -> (artifact id: '4dd9bfa987b266e52076f4671d75b561') in 0.003265 seconds
  Import took 0.006814 seconds .

========================================================================
Received Import Request.
  Time since last request: 12.878814 seconds.
  path: Assets/Scenes
  artifactKey: Guid(2033a8fbaac3ff04b8789f9d36db98dd) Importer(815301076,1909f56bfc062723c751e8b465ee728b)
Start importing Assets/Scenes using Guid(2033a8fbaac3ff04b8789f9d36db98dd) Importer(815301076,1909f56bfc062723c751e8b465ee728b)  -> (artifact id: 'fe79203226d2467c535db0b82eca3dfd') in 0.007389 seconds
  Import took 0.009990 seconds .

========================================================================
Received Import Request.
  Time since last request: 9.082463 seconds.
  path: Assets/Scenes/SampleScene.unity
  artifactKey: Guid(9fc0d4010bbf28b4594072e72b8655ab) Importer(815301076,1909f56bfc062723c751e8b465ee728b)
Start importing Assets/Scenes/SampleScene.unity using Guid(9fc0d4010bbf28b4594072e72b8655ab) Importer(815301076,1909f56bfc062723c751e8b465ee728b)  -> (artifact id: '0c2d921b399bd293703de6d3631597af') in 0.007584 seconds
  Import took 0.011106 seconds .

========================================================================
Received Import Request.
  Time since last request: 470.876016 seconds.
  path: Assets/Player/Model
  artifactKey: Guid(2cde170191ddad545ac59434e6fda2d4) Importer(815301076,1909f56bfc062723c751e8b465ee728b)
Start importing Assets/Player/Model using Guid(2cde170191ddad545ac59434e6fda2d4) Importer(815301076,1909f56bfc062723c751e8b465ee728b)  -> (artifact id: '87fab2d2e83053a3a536bf98ebada35e') in 0.007434 seconds
  Import took 0.011317 seconds .

========================================================================
Received Import Request.
  Time since last request: 0.107506 seconds.
  path: Assets/Player/Model/Ch09_1001_Diffuse.png
  artifactKey: Guid(fe593a6620740fe48a3015af67fc6142) Importer(815301076,1909f56bfc062723c751e8b465ee728b)
Start importing Assets/Player/Model/Ch09_1001_Diffuse.png using Guid(fe593a6620740fe48a3015af67fc6142) Importer(815301076,1909f56bfc062723c751e8b465ee728b)  -> (artifact id: '43b0839693c229dd44b488292b340957') in 0.066882 seconds
  Import took 0.069423 seconds .

========================================================================
Received Import Request.
  Time since last request: 0.000329 seconds.
  path: Assets/Player/Model/Ch09_1001_Specular.png
  artifactKey: Guid(64601daa9ce02754288f1da55957d694) Importer(815301076,1909f56bfc062723c751e8b465ee728b)
Start importing Assets/Player/Model/Ch09_1001_Specular.png using Guid(64601daa9ce02754288f1da55957d694) Importer(815301076,1909f56bfc062723c751e8b465ee728b)  -> (artifact id: '901979988bbba83c40bab5d3374a48ac') in 0.015661 seconds
  Import took 0.018652 seconds .

========================================================================
Received Import Request.
  Time since last request: 0.000311 seconds.
  path: Assets/Player/Model/Timmy.fbx
  artifactKey: Guid(ab2879d586a0c764dbea61a0274f9923) Importer(815301076,1909f56bfc062723c751e8b465ee728b)
Start importing Assets/Player/Model/Timmy.fbx using Guid(ab2879d586a0c764dbea61a0274f9923) Importer(815301076,1909f56bfc062723c751e8b465ee728b)  -> (artifact id: '54309b3eb6b6388f06dae71720c88e4f') in 0.105294 seconds
  Import took 0.108636 seconds .

========================================================================
Received Import Request.
  Time since last request: 0.000300 seconds.
  path: Assets/Player/Model/Ch09_1001_Glossiness.png
  artifactKey: Guid(3a59da56e758a6b43bee10537774540a) Importer(815301076,1909f56bfc062723c751e8b465ee728b)
Start importing Assets/Player/Model/Ch09_1001_Glossiness.png using Guid(3a59da56e758a6b43bee10537774540a) Importer(815301076,1909f56bfc062723c751e8b465ee728b)  -> (artifact id: '4d54c6f9afb3ba4e0084f22cc3b7d29b') in 0.017738 seconds
  Import took 0.020225 seconds .

========================================================================
Received Import Request.
  Time since last request: 0.000316 seconds.
  path: Assets/Player/Model/Ch09_1001_Normal.png
  artifactKey: Guid(db94145a0ca713c46b98444f7b1b1a85) Importer(815301076,1909f56bfc062723c751e8b465ee728b)
Start importing Assets/Player/Model/Ch09_1001_Normal.png using Guid(db94145a0ca713c46b98444f7b1b1a85) Importer(815301076,1909f56bfc062723c751e8b465ee728b)  -> (artifact id: 'd5185cf6c6d974d3fc0d73aaf10e49df') in 0.020863 seconds
  Import took 0.025292 seconds .

========================================================================
Received Import Request.
  Time since last request: 0.006712 seconds.
  path: Assets/Player/Model/Ch09_1001_Normal.png
  artifactKey: Guid(db94145a0ca713c46b98444f7b1b1a85) Importer(815301076,1909f56bfc062723c751e8b465ee728b)
Start importing Assets/Player/Model/Ch09_1001_Normal.png using Guid(db94145a0ca713c46b98444f7b1b1a85) Importer(815301076,1909f56bfc062723c751e8b465ee728b)  -> (artifact id: 'd5185cf6c6d974d3fc0d73aaf10e49df') in 0.011353 seconds
  Import took 0.015188 seconds .

========================================================================
Received Import Request.
  Time since last request: 17.166822 seconds.
  path: Assets/Coin
  artifactKey: Guid(0bbb82afbac164e4c8f3e7edac72dfef) Importer(815301076,1909f56bfc062723c751e8b465ee728b)
Start importing Assets/Coin using Guid(0bbb82afbac164e4c8f3e7edac72dfef) Importer(815301076,1909f56bfc062723c751e8b465ee728b)  -> (artifact id: 'f203f0fafb1112a00061ff2b1fca3512') in 0.005983 seconds
  Import took 0.009335 seconds .

========================================================================
Received Import Request.
  Time since last request: 0.000455 seconds.
  path: Assets/Coin
  artifactKey: Guid(0bbb82afbac164e4c8f3e7edac72dfef) Importer(815301076,1909f56bfc062723c751e8b465ee728b)
Start importing Assets/Coin using Guid(0bbb82afbac164e4c8f3e7edac72dfef) Importer(815301076,1909f56bfc062723c751e8b465ee728b)  -> (artifact id: 'f203f0fafb1112a00061ff2b1fca3512') in 0.003935 seconds
  Import took 0.007193 seconds .

========================================================================
Received Import Request.
  Time since last request: 4.672090 seconds.
  path: Assets/Player/Animations
  artifactKey: Guid(0aabedc756f97b5428fdf1b04cf5a30c) Importer(815301076,1909f56bfc062723c751e8b465ee728b)
Start importing Assets/Player/Animations using Guid(0aabedc756f97b5428fdf1b04cf5a30c) Importer(815301076,1909f56bfc062723c751e8b465ee728b)  -> (artifact id: '2d0e3bd21c834ef3e439e9faba1b8362') in 0.007108 seconds
  Import took 0.010471 seconds .

========================================================================
Received Import Request.
  Time since last request: 0.002990 seconds.
  path: Assets/Player/Animations
  artifactKey: Guid(0aabedc756f97b5428fdf1b04cf5a30c) Importer(815301076,1909f56bfc062723c751e8b465ee728b)
Start importing Assets/Player/Animations using Guid(0aabedc756f97b5428fdf1b04cf5a30c) Importer(815301076,1909f56bfc062723c751e8b465ee728b)  -> (artifact id: '2d0e3bd21c834ef3e439e9faba1b8362') in 0.003826 seconds
  Import took 0.006873 seconds .

========================================================================
Received Import Request.
  Time since last request: 0.080445 seconds.
  path: Assets/Player/Animations/Falling.fbx
  artifactKey: Guid(8b21df1c0a826364b9d085a9294853bd) Importer(815301076,1909f56bfc062723c751e8b465ee728b)
Start importing Assets/Player/Animations/Falling.fbx using Guid(8b21df1c0a826364b9d085a9294853bd) Importer(815301076,1909f56bfc062723c751e8b465ee728b)  -> (artifact id: '8d0aff52a1753635b86e981a92136699') in 0.009783 seconds
  Import took 0.012542 seconds .

========================================================================
Received Import Request.
  Time since last request: 0.000348 seconds.
  path: Assets/Player/Animations/RunBack.fbx
  artifactKey: Guid(728c9b45ea2b3864fa566ad31aa722eb) Importer(815301076,1909f56bfc062723c751e8b465ee728b)
Start importing Assets/Player/Animations/RunBack.fbx using Guid(728c9b45ea2b3864fa566ad31aa722eb) Importer(815301076,1909f56bfc062723c751e8b465ee728b)  -> (artifact id: '2dfc2997fa84addc546e1811a127cd1f') in 0.009643 seconds
  Import took 0.012192 seconds .

========================================================================
Received Import Request.
  Time since last request: 0.000351 seconds.
  path: Assets/Player/Animations/Idle.fbx
  artifactKey: Guid(f3d97ca64ae83394d829c37ac236cd23) Importer(815301076,1909f56bfc062723c751e8b465ee728b)
Start importing Assets/Player/Animations/Idle.fbx using Guid(f3d97ca64ae83394d829c37ac236cd23) Importer(815301076,1909f56bfc062723c751e8b465ee728b)  -> (artifact id: 'd6ea3ecedd4c3860ad82ab58b06db678') in 0.009920 seconds
  Import took 0.014037 seconds .

========================================================================
Received Import Request.
  Time since last request: 0.000486 seconds.
  path: Assets/Player/Animations/LeftTurn.fbx
  artifactKey: Guid(27726d47bd8c36b4890f40df189e549b) Importer(815301076,1909f56bfc062723c751e8b465ee728b)
Start importing Assets/Player/Animations/LeftTurn.fbx using Guid(27726d47bd8c36b4890f40df189e549b) Importer(815301076,1909f56bfc062723c751e8b465ee728b)  -> (artifact id: '8fba2574fdc99bf6ccf2d83a93b1c0df') in 0.009504 seconds
  Import took 0.012608 seconds .

========================================================================
Received Import Request.
  Time since last request: 0.000332 seconds.
  path: Assets/Player/Animations/RightTurn.fbx
  artifactKey: Guid(90ed2e821afba4d468d962ab34cae668) Importer(815301076,1909f56bfc062723c751e8b465ee728b)
Start importing Assets/Player/Animations/RightTurn.fbx using Guid(90ed2e821afba4d468d962ab34cae668) Importer(815301076,1909f56bfc062723c751e8b465ee728b)  -> (artifact id: 'd0034fe8fe51720c79b170f69dc1236b') in 0.010588 seconds
  Import took 0.014063 seconds .

========================================================================
Received Import Request.
  Time since last request: 0.000345 seconds.
  path: Assets/Player/Animations/Run.fbx
  artifactKey: Guid(d4317aa2cfe330b42b4c56fbf4ff4eca) Importer(815301076,1909f56bfc062723c751e8b465ee728b)
Start importing Assets/Player/Animations/Run.fbx using Guid(d4317aa2cfe330b42b4c56fbf4ff4eca) Importer(815301076,1909f56bfc062723c751e8b465ee728b)  -> (artifact id: '876dc56999c26a6ffb8b3e07c9ec1959') in 0.011285 seconds
  Import took 0.014748 seconds .

========================================================================
Received Import Request.
  Time since last request: 0.000344 seconds.
  path: Assets/Player/Animations/HurricaneKick.fbx
  artifactKey: Guid(bd8a430e514447a4c931b60c428dade0) Importer(815301076,1909f56bfc062723c751e8b465ee728b)
Start importing Assets/Player/Animations/HurricaneKick.fbx using Guid(bd8a430e514447a4c931b60c428dade0) Importer(815301076,1909f56bfc062723c751e8b465ee728b)  -> (artifact id: 'eed63a692046224be577bc165f32ddd6') in 0.009885 seconds
  Import took 0.013170 seconds .

========================================================================
Received Import Request.
  Time since last request: 22.686044 seconds.
  path: Assets/Coin/Model
  artifactKey: Guid(4418a9d7fc66e2045b7cfd34f9086508) Importer(815301076,1909f56bfc062723c751e8b465ee728b)
Start importing Assets/Coin/Model using Guid(4418a9d7fc66e2045b7cfd34f9086508) Importer(815301076,1909f56bfc062723c751e8b465ee728b)  -> (artifact id: '787932a8b092b9f5666acb7cf18712c9') in 0.003468 seconds
  Import took 0.006096 seconds .

========================================================================
Received Import Request.
  Time since last request: 0.002787 seconds.
  path: Assets/Coin/Model
  artifactKey: Guid(4418a9d7fc66e2045b7cfd34f9086508) Importer(815301076,1909f56bfc062723c751e8b465ee728b)
Start importing Assets/Coin/Model using Guid(4418a9d7fc66e2045b7cfd34f9086508) Importer(815301076,1909f56bfc062723c751e8b465ee728b)  -> (artifact id: '787932a8b092b9f5666acb7cf18712c9') in 0.003015 seconds
  Import took 0.007197 seconds .

========================================================================
Received Import Request.
  Time since last request: 4538.635389 seconds.
  path: Assets/Coin/Texture
  artifactKey: Guid(c7b9e004b96e17c4eb50800c3b972883) Importer(815301076,1909f56bfc062723c751e8b465ee728b)
Start importing Assets/Coin/Texture using Guid(c7b9e004b96e17c4eb50800c3b972883) Importer(815301076,1909f56bfc062723c751e8b465ee728b)  -> (artifact id: '7ddf27c76386ac53dd06052e9708b641') in 0.009667 seconds
  Import took 0.041211 seconds .

========================================================================
Received Import Request.
  Time since last request: 7.900065 seconds.
  path: Assets/Coin/Texture/GoldCoin.png
  artifactKey: Guid(3faaa63b1d4e15347869d54bf012c38c) Importer(815301076,1909f56bfc062723c751e8b465ee728b)
Start importing Assets/Coin/Texture/GoldCoin.png using Guid(3faaa63b1d4e15347869d54bf012c38c) Importer(815301076,1909f56bfc062723c751e8b465ee728b)  -> (artifact id: '4e08b08bc1d4e31e5298bdaa398ce37a') in 0.070320 seconds
  Import took 0.075697 seconds .

========================================================================
Received Import Request.
  Time since last request: 342.764765 seconds.
  path: Assets/Coin/Texture/Materials
  artifactKey: Guid(7cbdd7e58a8137440a945d394c2957c0) Importer(815301076,1909f56bfc062723c751e8b465ee728b)
Start importing Assets/Coin/Texture/Materials using Guid(7cbdd7e58a8137440a945d394c2957c0) Importer(815301076,1909f56bfc062723c751e8b465ee728b)  -> (artifact id: '58567a6a0ce2cb89a8eb4b57002e5331') in 0.006808 seconds
  Import took 0.010255 seconds .

========================================================================
Received Import Request.
  Time since last request: 0.081864 seconds.
  path: Assets/Coin/Texture/Materials/GoldCoin.mat
  artifactKey: Guid(77131b1149be24747a27aedbebbf0704) Importer(815301076,1909f56bfc062723c751e8b465ee728b)
Start importing Assets/Coin/Texture/Materials/GoldCoin.mat using Guid(77131b1149be24747a27aedbebbf0704) Importer(815301076,1909f56bfc062723c751e8b465ee728b)  -> (artifact id: '979355cc9e6b267594358a1f225dab3f') in 0.027347 seconds
  Import took 0.030053 seconds .

========================================================================
Received Import Request.
  Time since last request: 21.138323 seconds.
  path: Assets/Coin/Texture/GoldCoin 1.png
  artifactKey: Guid(5e2ef504b2c574a4683174d761e2cb06) Importer(815301076,1909f56bfc062723c751e8b465ee728b)
Start importing Assets/Coin/Texture/GoldCoin 1.png using Guid(5e2ef504b2c574a4683174d761e2cb06) Importer(815301076,1909f56bfc062723c751e8b465ee728b)  -> (artifact id: '97695ebb8d9a26c396fa3e68adfc4c01') in 0.024366 seconds
  Import took 0.028936 seconds .

========================================================================
Received Import Request.
  Time since last request: 42.733013 seconds.
  path: Assets/Coin/Texture/GoldCoin_Normal.png
  artifactKey: Guid(5e2ef504b2c574a4683174d761e2cb06) Importer(815301076,1909f56bfc062723c751e8b465ee728b)
Start importing Assets/Coin/Texture/GoldCoin_Normal.png using Guid(5e2ef504b2c574a4683174d761e2cb06) Importer(815301076,1909f56bfc062723c751e8b465ee728b)  -> (artifact id: '0216d23567927cf87034d3178e58b9dc') in 0.018277 seconds
  Import took 0.021151 seconds .

========================================================================
Received Import Request.
  Time since last request: 14.145656 seconds.
  path: Assets/Coin/Texture/GoldCoin_N.png
  artifactKey: Guid(5e2ef504b2c574a4683174d761e2cb06) Importer(815301076,1909f56bfc062723c751e8b465ee728b)
Start importing Assets/Coin/Texture/GoldCoin_N.png using Guid(5e2ef504b2c574a4683174d761e2cb06) Importer(815301076,1909f56bfc062723c751e8b465ee728b)  -> (artifact id: '4a3560438880685a0ab405f5ca69665c') in 0.024979 seconds
  Import took 0.027717 seconds .

========================================================================
Received Import Request.
  Time since last request: 21.185251 seconds.
  path: Assets/Coin/Texture/GoldCoin_N.png
  artifactKey: Guid(5e2ef504b2c574a4683174d761e2cb06) Importer(815301076,1909f56bfc062723c751e8b465ee728b)
Start importing Assets/Coin/Texture/GoldCoin_N.png using Guid(5e2ef504b2c574a4683174d761e2cb06) Importer(815301076,1909f56bfc062723c751e8b465ee728b)  -> (artifact id: 'af0a2543686bb2293381e2b241e610d5') in 0.034045 seconds
  Import took 0.036850 seconds .

========================================================================
Received Import Request.
  Time since last request: 155.273507 seconds.
  path: Assets/Coin/Texture/GoldCoin_N.png
  artifactKey: Guid(5e2ef504b2c574a4683174d761e2cb06) Importer(815301076,1909f56bfc062723c751e8b465ee728b)
Start importing Assets/Coin/Texture/GoldCoin_N.png using Guid(5e2ef504b2c574a4683174d761e2cb06) Importer(815301076,1909f56bfc062723c751e8b465ee728b)  -> (artifact id: '9efc11af4ad59c5708344d9b4939fe85') in 0.030950 seconds
  Import took 0.034224 seconds .

========================================================================
Received Import Request.
  Time since last request: 389.304960 seconds.
  path: Assets/Scripts/Coin/RotateCoin.cs
  artifactKey: Guid(0c2aa16172e2f664b8fa9fdb91573179) Importer(815301076,1909f56bfc062723c751e8b465ee728b)
Start importing Assets/Scripts/Coin/RotateCoin.cs using Guid(0c2aa16172e2f664b8fa9fdb91573179) Importer(815301076,1909f56bfc062723c751e8b465ee728b)  -> (artifact id: '94996d9bafc68ded20ad767185093147') in 0.023635 seconds
  Import took 0.027297 seconds .

========================================================================
Received Prepare
Registering precompiled user dll's ...
Registered in 0.005215 seconds.
Begin MonoManager ReloadAssembly
Native extension for WindowsStandalone target not found
Refreshing native plugins compatible for Editor in 0.36 ms, found 2 plugins.
Preloading 0 native plugins for Editor in 0.00 ms.
Mono: successfully reloaded assembly
- Completed reload, in  1.086 seconds
Platform modules already initialized, skipping
Refreshing native plugins compatible for Editor in 0.51 ms, found 2 plugins.
Preloading 0 native plugins for Editor in 0.00 ms.
Unloading 1648 Unused Serialized files (Serialized files now loaded: 0)
System memory in use before: 90.7 MB.
System memory in use after: 90.8 MB.

Unloading 12 unused Assets to reduce memory usage. Loaded Objects now: 2143.
Total: 3.066800 ms (FindLiveObjects: 0.244200 ms CreateObjectMapping: 0.097400 ms MarkObjects: 2.694300 ms  DeleteObjects: 0.029000 ms)

AssetImportWorkerClient::OnTransportError - code=2 error=End of file
